<?xml version="1.0" encoding="UTF-8"?>
<!-- Generated by org.testng.reporters.JUnitXMLReporter -->
<testsuite ignored="0" hostname="DESKTOP-4KM6009" failures="0" tests="4" name="firefoxTest" time="45.661" errors="0" timestamp="2022-11-03T13:55:23 IST">
  <testcase classname="PomClass.TC04VerifyAllProductsFunctionality" name="Verifyallproducts" time="1.814"/>
  <testcase classname="PomClass.TC03_VerifyAddToCartFunctionality" name="Verifyaddtocart" time="0.395"/>
  <testcase classname="PomClass.TC01_VerifyLoginFunctionality" name="verifylogin" time="0.303"/>
  <testcase classname="PomClass.TC02_VerifyLogoutFunctionality" name="VerifyLogout" time="0.619"/>
</testsuite> <!-- firefoxTest -->
