<?xml version="1.0" encoding="UTF-8"?>
<!-- Generated by org.testng.reporters.JUnitXMLReporter -->
<testsuite ignored="0" hostname="DESKTOP-4KM6009" failures="0" tests="4" name="Test" time="47.995" errors="0" timestamp="2022-11-03T13:29:36 IST">
  <testcase classname="PomClass.TC04VerifyAllProductsFunctionality" name="Verifyallproducts" time="1.983"/>
  <testcase classname="PomClass.TC03_VerifyAddToCartFunctionality" name="Verifyaddtocart" time="0.366"/>
  <testcase classname="PomClass.TC01_VerifyLoginFunctionality" name="verifylogin" time="0.476"/>
  <testcase classname="PomClass.TC02_VerifyLogoutFunctionality" name="VerifyLogout" time="0.678"/>
</testsuite> <!-- Test -->
